<?xml version="1.0" encoding="UTF-8"?>
<!-- Generated by org.testng.reporters.JUnitXMLReporter -->
<testsuite hostname="Tanveer-Khan" name="Test" tests="5" failures="0" timestamp="12 Oct 2020 18:11:16 GMT" time="43.289" errors="0">
  <testcase name="verifyImage" time="0.041" classname="AlefEducation.Test_TanveerMujtabaKhan.TC_01verifyImage"/>
  <testcase name="Testcase" time="0.471" classname="AlefEducation.Test_TanveerMujtabaKhan.TC_02veterinariansList"/>
  <testcase name="existingOwnersList" time="1.694" classname="AlefEducation.Test_TanveerMujtabaKhan.TC_03getAllExistingOwners"/>
  <testcase name="addOwnerWithPetDetails" time="1.992" classname="AlefEducation.Test_TanveerMujtabaKhan.TC_04addOwnerWithPetDetails"/>
  <testcase name="validatedNewlyAddedOwnersInfo" time="2.584" classname="AlefEducation.Test_TanveerMujtabaKhan.TC_05validateNewlyAddedOwners"/>
</testsuite> <!-- Test -->
