<?xml version="1.0" encoding="UTF-8"?>
<testng-results skipped="0" failed="0" total="1" passed="1">
  <reporter-output>
  </reporter-output>
  <suite name="Default suite" duration-ms="8721" started-at="2020-10-12T18:00:45Z" finished-at="2020-10-12T18:00:53Z">
    <groups>
    </groups>
    <test name="Default test" duration-ms="8721" started-at="2020-10-12T18:00:45Z" finished-at="2020-10-12T18:00:53Z">
      <class name="AlefEducation.Test_TanveerMujtabaKhan.TC_02veterinariansList">
        <test-method status="PASS" signature="launchBrowserAndSSO()[pri:0, instance:AlefEducation.Test_TanveerMujtabaKhan.TC_02veterinariansList@52aa2946]" name="launchBrowserAndSSO" is-config="true" duration-ms="7411" started-at="2020-10-12T23:30:45Z" finished-at="2020-10-12T23:30:52Z">
          <reporter-output>
          </reporter-output>
        </test-method> <!-- launchBrowserAndSSO -->
        <test-method status="PASS" signature="Testcase()[pri:0, instance:AlefEducation.Test_TanveerMujtabaKhan.TC_02veterinariansList@52aa2946]" name="Testcase" duration-ms="478" started-at="2020-10-12T23:30:52Z" description="Get the list of Veterinarians in the application" finished-at="2020-10-12T23:30:52Z">
          <reporter-output>
          </reporter-output>
        </test-method> <!-- Testcase -->
        <test-method status="PASS" signature="closeAllBrowser()[pri:0, instance:AlefEducation.Test_TanveerMujtabaKhan.TC_02veterinariansList@52aa2946]" name="closeAllBrowser" is-config="true" duration-ms="816" started-at="2020-10-12T23:30:52Z" finished-at="2020-10-12T23:30:53Z">
          <reporter-output>
          </reporter-output>
        </test-method> <!-- closeAllBrowser -->
      </class> <!-- AlefEducation.Test_TanveerMujtabaKhan.TC_02veterinariansList -->
    </test> <!-- Default test -->
  </suite> <!-- Default suite -->
</testng-results>
