<?xml version="1.0" encoding="UTF-8"?>
<!-- Generated by org.testng.reporters.JUnitXMLReporter -->
<testsuite hostname="Tanveer-Khan" name="Test" tests="1" failures="1" timestamp="12 Oct 2020 06:44:09 GMT" time="0.076" errors="0">
  <testcase name="Testcase" time="0.045" classname="AlefEducation.Test_TanveerMujtabaKhan.TC_01VerifyImage">
    <failure type="java.lang.NullPointerException">
      <![CDATA[java.lang.NullPointerException
	at pages.HomePage.verifyImage(HomePage.java:15)
	at AlefEducation.Test_TanveerMujtabaKhan.TC_01VerifyImage.Testcase(TC_01VerifyImage.java:12)
... Removed 24 stack frames]]>
    </failure>
  </testcase> <!-- Testcase -->
</testsuite> <!-- Test -->
